<?xml version="1.0" encoding="UTF-8"?>
<!-- Generated by org.testng.reporters.JUnitReportReporter -->
<testsuite hostname="DESKTOP-A5OTGBU" failures="0" tests="15" name="com.onpassive.Ostaff.TestCases.LoginTestcase" time="7.132" errors="0" timestamp="2021-01-13T11:55:22 IST" skipped="13">
  <testcase classname="com.onpassive.Ostaff.TestCases.LoginTestcase" name="logintoApplication" time="5.020"/>
  <system-out/>
  <testcase classname="com.onpassive.Ostaff.TestCases.LoginTestcase" name="dashboardOperations" time="2.112"/>
  <system-out/>
  <testcase classname="com.onpassive.Ostaff.TestCases.LoginTestcase" name="hrOperationAsset">
    <skipped/>
  </testcase> <!-- hrOperationAsset -->
  <system-out/>
  <testcase classname="com.onpassive.Ostaff.TestCases.LoginTestcase" name="HroperationsTimeschedule">
    <skipped/>
  </testcase> <!-- HroperationsTimeschedule -->
  <system-out/>
  <testcase classname="com.onpassive.Ostaff.TestCases.LoginTestcase" name="logout">
    <skipped/>
  </testcase> <!-- logout -->
  <system-out/>
  <testcase classname="com.onpassive.Ostaff.TestCases.LoginTestcase" name="hrOperationProject">
    <skipped/>
  </testcase> <!-- hrOperationProject -->
  <system-out/>
  <testcase classname="com.onpassive.Ostaff.TestCases.LoginTestcase" name="hrOperationjobs">
    <skipped/>
  </testcase> <!-- hrOperationjobs -->
  <system-out/>
  <testcase classname="com.onpassive.Ostaff.TestCases.LoginTestcase" name="hrOperationHolidaysList">
    <skipped/>
  </testcase> <!-- hrOperationHolidaysList -->
  <system-out/>
  <testcase classname="com.onpassive.Ostaff.TestCases.LoginTestcase" name="hrOperationDesignation">
    <skipped/>
  </testcase> <!-- hrOperationDesignation -->
  <system-out/>
  <testcase classname="com.onpassive.Ostaff.TestCases.LoginTestcase" name="hrOperationnotification">
    <skipped/>
  </testcase> <!-- hrOperationnotification -->
  <system-out/>
  <testcase classname="com.onpassive.Ostaff.TestCases.LoginTestcase" name="hrOperationSkils">
    <skipped/>
  </testcase> <!-- hrOperationSkils -->
  <system-out/>
  <testcase classname="com.onpassive.Ostaff.TestCases.LoginTestcase" name="hrOperationLeavePlan">
    <skipped/>
  </testcase> <!-- hrOperationLeavePlan -->
  <system-out/>
  <testcase classname="com.onpassive.Ostaff.TestCases.LoginTestcase" name="hrOperationDepartment">
    <skipped/>
  </testcase> <!-- hrOperationDepartment -->
  <system-out/>
  <testcase classname="com.onpassive.Ostaff.TestCases.LoginTestcase" name="hrOperationLocation">
    <skipped/>
  </testcase> <!-- hrOperationLocation -->
  <system-out/>
  <testcase classname="com.onpassive.Ostaff.TestCases.LoginTestcase" name="hrOperationpolicy">
    <skipped/>
  </testcase> <!-- hrOperationpolicy -->
  <system-out/>
</testsuite> <!-- com.onpassive.Ostaff.TestCases.LoginTestcase -->
