<?xml version="1.0" encoding="UTF-8"?>
<!-- Generated by org.testng.reporters.JUnitReportReporter -->
<testsuite hostname="DESKTOP-A5OTGBU" failures="0" tests="1" name="com.onpassive.Ostaff.BasePages.DateSelection" time="59.656" errors="0" timestamp="2021-02-04T19:06:57 IST" skipped="0">
  <testcase classname="com.onpassive.Ostaff.BasePages.DateSelection" name="dateSelection" time="59.656"/>
  <system-out/>
</testsuite> <!-- com.onpassive.Ostaff.BasePages.DateSelection -->
