<?xml version="1.0" encoding="UTF-8"?>
<!-- Generated by org.testng.reporters.JUnitReportReporter -->
<testsuite hostname="DESKTOP-A5OTGBU" failures="0" tests="3" name="Log4j.DataProviderusingHasmap" time="0.013" errors="0" timestamp="2021-02-23T17:51:44 IST" skipped="0">
  <testcase classname="Log4j.DataProviderusingHasmap" name="integrationTest" time="0.007"/>
  <system-out/>
  <testcase classname="Log4j.DataProviderusingHasmap" name="integrationTest" time="0.001"/>
  <system-out/>
  <testcase classname="Log4j.DataProviderusingHasmap" name="integrationTest" time="0.005"/>
  <system-out/>
</testsuite> <!-- Log4j.DataProviderusingHasmap -->
