<?xml version="1.0" encoding="UTF-8"?>
<!-- Generated by org.testng.reporters.JUnitReportReporter -->
<testsuite hostname="DESKTOP-A5OTGBU" failures="0" tests="1" name="com.onpassive.Ostaff.BasePages.DateSelection" time="58.588" errors="0" timestamp="2021-02-05T18:38:05 IST" skipped="0">
  <testcase classname="com.onpassive.Ostaff.BasePages.DateSelection" name="dateSelection" time="58.588"/>
  <system-out/>
</testsuite> <!-- com.onpassive.Ostaff.BasePages.DateSelection -->
