<?xml version="1.0" encoding="UTF-8"?>
<!-- Generated by org.testng.reporters.JUnitReportReporter -->
<testsuite hostname="DESKTOP-A5OTGBU" failures="0" tests="48" name="com.onpassive.Ostaff.TestCases.LoginTestcase" time="49.418" errors="0" timestamp="2021-01-02T11:36:34 IST" skipped="36">
  <testcase classname="com.onpassive.Ostaff.TestCases.LoginTestcase" name="logintoApplication" time="4.211"/>
  <system-out/>
  <testcase classname="com.onpassive.Ostaff.TestCases.LoginTestcase" name="logintoApplication" time="3.213"/>
  <system-out/>
  <testcase classname="com.onpassive.Ostaff.TestCases.LoginTestcase" name="logintoApplication" time="3.636"/>
  <system-out/>
  <testcase classname="com.onpassive.Ostaff.TestCases.LoginTestcase" name="dashboardOperations" time="2.236"/>
  <system-out/>
  <testcase classname="com.onpassive.Ostaff.TestCases.LoginTestcase" name="dashboardOperations" time="2.114"/>
  <system-out/>
  <testcase classname="com.onpassive.Ostaff.TestCases.LoginTestcase" name="dashboardOperations" time="2.118"/>
  <system-out/>
  <testcase classname="com.onpassive.Ostaff.TestCases.LoginTestcase" name="HroperationsTimeschedule" time="8.021"/>
  <system-out/>
  <testcase classname="com.onpassive.Ostaff.TestCases.LoginTestcase" name="HroperationsTimeschedule" time="7.062"/>
  <system-out/>
  <testcase classname="com.onpassive.Ostaff.TestCases.LoginTestcase" name="HroperationsTimeschedule" time="6.952"/>
  <system-out/>
  <testcase classname="com.onpassive.Ostaff.TestCases.LoginTestcase" name="logout" time="3.169"/>
  <system-out/>
  <testcase classname="com.onpassive.Ostaff.TestCases.LoginTestcase" name="logout" time="3.163"/>
  <system-out/>
  <testcase classname="com.onpassive.Ostaff.TestCases.LoginTestcase" name="logout" time="3.523"/>
  <system-out/>
  <testcase classname="com.onpassive.Ostaff.TestCases.LoginTestcase" name="hrOperationAsset">
    <skipped/>
  </testcase> <!-- hrOperationAsset -->
  <system-out/>
  <testcase classname="com.onpassive.Ostaff.TestCases.LoginTestcase" name="hrOperationAsset">
    <skipped/>
  </testcase> <!-- hrOperationAsset -->
  <system-out/>
  <testcase classname="com.onpassive.Ostaff.TestCases.LoginTestcase" name="hrOperationAsset">
    <skipped/>
  </testcase> <!-- hrOperationAsset -->
  <system-out/>
  <testcase classname="com.onpassive.Ostaff.TestCases.LoginTestcase" name="hrOperationProject">
    <skipped/>
  </testcase> <!-- hrOperationProject -->
  <system-out/>
  <testcase classname="com.onpassive.Ostaff.TestCases.LoginTestcase" name="hrOperationjobs">
    <skipped/>
  </testcase> <!-- hrOperationjobs -->
  <system-out/>
  <testcase classname="com.onpassive.Ostaff.TestCases.LoginTestcase" name="hrOperationProject">
    <skipped/>
  </testcase> <!-- hrOperationProject -->
  <system-out/>
  <testcase classname="com.onpassive.Ostaff.TestCases.LoginTestcase" name="hrOperationjobs">
    <skipped/>
  </testcase> <!-- hrOperationjobs -->
  <system-out/>
  <testcase classname="com.onpassive.Ostaff.TestCases.LoginTestcase" name="hrOperationProject">
    <skipped/>
  </testcase> <!-- hrOperationProject -->
  <system-out/>
  <testcase classname="com.onpassive.Ostaff.TestCases.LoginTestcase" name="hrOperationjobs">
    <skipped/>
  </testcase> <!-- hrOperationjobs -->
  <system-out/>
  <testcase classname="com.onpassive.Ostaff.TestCases.LoginTestcase" name="hrOperationHolidaysList">
    <skipped/>
  </testcase> <!-- hrOperationHolidaysList -->
  <system-out/>
  <testcase classname="com.onpassive.Ostaff.TestCases.LoginTestcase" name="hrOperationHolidaysList">
    <skipped/>
  </testcase> <!-- hrOperationHolidaysList -->
  <system-out/>
  <testcase classname="com.onpassive.Ostaff.TestCases.LoginTestcase" name="hrOperationHolidaysList">
    <skipped/>
  </testcase> <!-- hrOperationHolidaysList -->
  <system-out/>
  <testcase classname="com.onpassive.Ostaff.TestCases.LoginTestcase" name="hrOperationDesignation">
    <skipped/>
  </testcase> <!-- hrOperationDesignation -->
  <system-out/>
  <testcase classname="com.onpassive.Ostaff.TestCases.LoginTestcase" name="hrOperationDesignation">
    <skipped/>
  </testcase> <!-- hrOperationDesignation -->
  <system-out/>
  <testcase classname="com.onpassive.Ostaff.TestCases.LoginTestcase" name="hrOperationDesignation">
    <skipped/>
  </testcase> <!-- hrOperationDesignation -->
  <system-out/>
  <testcase classname="com.onpassive.Ostaff.TestCases.LoginTestcase" name="hrOperationSkils">
    <skipped/>
  </testcase> <!-- hrOperationSkils -->
  <system-out/>
  <testcase classname="com.onpassive.Ostaff.TestCases.LoginTestcase" name="hrOperationSkils">
    <skipped/>
  </testcase> <!-- hrOperationSkils -->
  <system-out/>
  <testcase classname="com.onpassive.Ostaff.TestCases.LoginTestcase" name="hrOperationSkils">
    <skipped/>
  </testcase> <!-- hrOperationSkils -->
  <system-out/>
  <testcase classname="com.onpassive.Ostaff.TestCases.LoginTestcase" name="hrOperationDepartment">
    <skipped/>
  </testcase> <!-- hrOperationDepartment -->
  <system-out/>
  <testcase classname="com.onpassive.Ostaff.TestCases.LoginTestcase" name="hrOperationDepartment">
    <skipped/>
  </testcase> <!-- hrOperationDepartment -->
  <system-out/>
  <testcase classname="com.onpassive.Ostaff.TestCases.LoginTestcase" name="hrOperationDepartment">
    <skipped/>
  </testcase> <!-- hrOperationDepartment -->
  <system-out/>
  <testcase classname="com.onpassive.Ostaff.TestCases.LoginTestcase" name="hrOperationLocation">
    <skipped/>
  </testcase> <!-- hrOperationLocation -->
  <system-out/>
  <testcase classname="com.onpassive.Ostaff.TestCases.LoginTestcase" name="hrOperationLocation">
    <skipped/>
  </testcase> <!-- hrOperationLocation -->
  <system-out/>
  <testcase classname="com.onpassive.Ostaff.TestCases.LoginTestcase" name="hrOperationLocation">
    <skipped/>
  </testcase> <!-- hrOperationLocation -->
  <system-out/>
  <testcase classname="com.onpassive.Ostaff.TestCases.LoginTestcase" name="hrOperationCompany">
    <skipped/>
  </testcase> <!-- hrOperationCompany -->
  <system-out/>
  <testcase classname="com.onpassive.Ostaff.TestCases.LoginTestcase" name="hrOperationCompany">
    <skipped/>
  </testcase> <!-- hrOperationCompany -->
  <system-out/>
  <testcase classname="com.onpassive.Ostaff.TestCases.LoginTestcase" name="hrOperationCompany">
    <skipped/>
  </testcase> <!-- hrOperationCompany -->
  <system-out/>
  <testcase classname="com.onpassive.Ostaff.TestCases.LoginTestcase" name="hrOperationnotification">
    <skipped/>
  </testcase> <!-- hrOperationnotification -->
  <system-out/>
  <testcase classname="com.onpassive.Ostaff.TestCases.LoginTestcase" name="hrOperationnotification">
    <skipped/>
  </testcase> <!-- hrOperationnotification -->
  <system-out/>
  <testcase classname="com.onpassive.Ostaff.TestCases.LoginTestcase" name="hrOperationnotification">
    <skipped/>
  </testcase> <!-- hrOperationnotification -->
  <system-out/>
  <testcase classname="com.onpassive.Ostaff.TestCases.LoginTestcase" name="hrOperationLeavePlan">
    <skipped/>
  </testcase> <!-- hrOperationLeavePlan -->
  <system-out/>
  <testcase classname="com.onpassive.Ostaff.TestCases.LoginTestcase" name="hrOperationLeavePlan">
    <skipped/>
  </testcase> <!-- hrOperationLeavePlan -->
  <system-out/>
  <testcase classname="com.onpassive.Ostaff.TestCases.LoginTestcase" name="hrOperationLeavePlan">
    <skipped/>
  </testcase> <!-- hrOperationLeavePlan -->
  <system-out/>
  <testcase classname="com.onpassive.Ostaff.TestCases.LoginTestcase" name="hrOperationpolicy">
    <skipped/>
  </testcase> <!-- hrOperationpolicy -->
  <system-out/>
  <testcase classname="com.onpassive.Ostaff.TestCases.LoginTestcase" name="hrOperationpolicy">
    <skipped/>
  </testcase> <!-- hrOperationpolicy -->
  <system-out/>
  <testcase classname="com.onpassive.Ostaff.TestCases.LoginTestcase" name="hrOperationpolicy">
    <skipped/>
  </testcase> <!-- hrOperationpolicy -->
  <system-out/>
</testsuite> <!-- com.onpassive.Ostaff.TestCases.LoginTestcase -->
