<?xml version="1.0" encoding="UTF-8"?>
<!-- Generated by org.testng.reporters.JUnitReportReporter -->
<testsuite hostname="DESKTOP-O0KI1GT" failures="0" tests="16" name="com.onpassive.Ostaff.TestCases.LoginTestcase" time="27.317" errors="0" timestamp="2021-01-01T21:42:21 IST" skipped="12">
  <testcase classname="com.onpassive.Ostaff.TestCases.LoginTestcase" name="logintoApplication" time="13.524"/>
  <system-out/>
  <testcase classname="com.onpassive.Ostaff.TestCases.LoginTestcase" name="dashboardOperations" time="2.330"/>
  <system-out/>
  <testcase classname="com.onpassive.Ostaff.TestCases.LoginTestcase" name="HroperationsTimeschedule" time="8.073"/>
  <system-out/>
  <testcase classname="com.onpassive.Ostaff.TestCases.LoginTestcase" name="logout" time="3.390"/>
  <system-out/>
  <testcase classname="com.onpassive.Ostaff.TestCases.LoginTestcase" name="hrOperationAsset">
    <skipped/>
  </testcase> <!-- hrOperationAsset -->
  <system-out/>
  <testcase classname="com.onpassive.Ostaff.TestCases.LoginTestcase" name="hrOperationCompany">
    <skipped/>
  </testcase> <!-- hrOperationCompany -->
  <system-out/>
  <testcase classname="com.onpassive.Ostaff.TestCases.LoginTestcase" name="hrOperationnotification">
    <skipped/>
  </testcase> <!-- hrOperationnotification -->
  <system-out/>
  <testcase classname="com.onpassive.Ostaff.TestCases.LoginTestcase" name="hrOperationSkils">
    <skipped/>
  </testcase> <!-- hrOperationSkils -->
  <system-out/>
  <testcase classname="com.onpassive.Ostaff.TestCases.LoginTestcase" name="hrOperationLeavePlan">
    <skipped/>
  </testcase> <!-- hrOperationLeavePlan -->
  <system-out/>
  <testcase classname="com.onpassive.Ostaff.TestCases.LoginTestcase" name="hrOperationProject">
    <skipped/>
  </testcase> <!-- hrOperationProject -->
  <system-out/>
  <testcase classname="com.onpassive.Ostaff.TestCases.LoginTestcase" name="hrOperationjobs">
    <skipped/>
  </testcase> <!-- hrOperationjobs -->
  <system-out/>
  <testcase classname="com.onpassive.Ostaff.TestCases.LoginTestcase" name="hrOperationHolidaysList">
    <skipped/>
  </testcase> <!-- hrOperationHolidaysList -->
  <system-out/>
  <testcase classname="com.onpassive.Ostaff.TestCases.LoginTestcase" name="hrOperationDepartment">
    <skipped/>
  </testcase> <!-- hrOperationDepartment -->
  <system-out/>
  <testcase classname="com.onpassive.Ostaff.TestCases.LoginTestcase" name="hrOperationLocation">
    <skipped/>
  </testcase> <!-- hrOperationLocation -->
  <system-out/>
  <testcase classname="com.onpassive.Ostaff.TestCases.LoginTestcase" name="hrOperationpolicy">
    <skipped/>
  </testcase> <!-- hrOperationpolicy -->
  <system-out/>
  <testcase classname="com.onpassive.Ostaff.TestCases.LoginTestcase" name="hrOperationDesignation">
    <skipped/>
  </testcase> <!-- hrOperationDesignation -->
  <system-out/>
</testsuite> <!-- com.onpassive.Ostaff.TestCases.LoginTestcase -->
