<?xml version="1.0" encoding="UTF-8"?>
<!-- Generated by org.testng.reporters.JUnitReportReporter -->
<testsuite hostname="DESKTOP-A5OTGBU" failures="0" tests="16" name="com.onpassive.Ostaff.TestCases.LoginTestcase" time="44.971" errors="0" timestamp="2020-12-21T17:16:05 IST" skipped="0">
  <testcase classname="com.onpassive.Ostaff.TestCases.LoginTestcase" name="logintoApplication" time="3.740"/>
  <system-out/>
  <testcase classname="com.onpassive.Ostaff.TestCases.LoginTestcase" name="dashboardOperations" time="2.126"/>
  <system-out/>
  <testcase classname="com.onpassive.Ostaff.TestCases.LoginTestcase" name="HroperationsTimeschedule" time="6.646"/>
  <system-out/>
  <testcase classname="com.onpassive.Ostaff.TestCases.LoginTestcase" name="hrOperationLocation" time="2.407"/>
  <system-out/>
  <testcase classname="com.onpassive.Ostaff.TestCases.LoginTestcase" name="hrOperationCompany" time="2.498"/>
  <system-out/>
  <testcase classname="com.onpassive.Ostaff.TestCases.LoginTestcase" name="hrOperationDepartment" time="2.448"/>
  <system-out/>
  <testcase classname="com.onpassive.Ostaff.TestCases.LoginTestcase" name="hrOperationDesignation" time="2.442"/>
  <system-out/>
  <testcase classname="com.onpassive.Ostaff.TestCases.LoginTestcase" name="hrOperationLeavePlan" time="2.440"/>
  <system-out/>
  <testcase classname="com.onpassive.Ostaff.TestCases.LoginTestcase" name="hrOperationnotification" time="2.342"/>
  <system-out/>
  <testcase classname="com.onpassive.Ostaff.TestCases.LoginTestcase" name="hrOperationProject" time="2.420"/>
  <system-out/>
  <testcase classname="com.onpassive.Ostaff.TestCases.LoginTestcase" name="hrOperationHolidaysList" time="2.468"/>
  <system-out/>
  <testcase classname="com.onpassive.Ostaff.TestCases.LoginTestcase" name="hrOperationjobs" time="2.465"/>
  <system-out/>
  <testcase classname="com.onpassive.Ostaff.TestCases.LoginTestcase" name="hrOperationSkils" time="2.417"/>
  <system-out/>
  <testcase classname="com.onpassive.Ostaff.TestCases.LoginTestcase" name="hrOperationpolicy" time="2.428"/>
  <system-out/>
  <testcase classname="com.onpassive.Ostaff.TestCases.LoginTestcase" name="hrOperationAsset" time="2.387"/>
  <system-out/>
  <testcase classname="com.onpassive.Ostaff.TestCases.LoginTestcase" name="logout" time="3.297"/>
  <system-out/>
</testsuite> <!-- com.onpassive.Ostaff.TestCases.LoginTestcase -->
