<?xml version="1.0" encoding="UTF-8"?>
<!-- Generated by org.testng.reporters.JUnitReportReporter -->
<testsuite hostname="DESKTOP-O0KI1GT" failures="0" tests="1" name="com.onpassive.Ostaff.TestCases.CompanyTestcase" time="0.000" errors="0" timestamp="2021-01-14T18:40:02 IST" skipped="1">
  <testcase classname="com.onpassive.Ostaff.TestCases.CompanyTestcase" name="hrOperationCompany" time="0.000">
    <skipped/>
  </testcase> <!-- hrOperationCompany -->
  <system-out/>
</testsuite> <!-- com.onpassive.Ostaff.TestCases.CompanyTestcase -->
